c:\cygwin\home\ignacio\src\nvidia-texture-tools\project\vc12\nvtt\release-cuda\x64\vc120.pdb
c:\cygwin\home\ignacio\src\nvidia-texture-tools\project\vc12\nvtt\release-cuda\x64\taskdispatcher.obj
c:\cygwin\home\ignacio\src\nvidia-texture-tools\project\vc12\nvtt\release-cuda\x64\surface.obj
c:\cygwin\home\ignacio\src\nvidia-texture-tools\project\vc12\nvtt\release-cuda\x64\singlecolorlookup.obj
c:\cygwin\home\ignacio\src\nvidia-texture-tools\project\vc12\nvtt\release-cuda\x64\quickcompressdxt.obj
c:\cygwin\home\ignacio\src\nvidia-texture-tools\project\vc12\nvtt\release-cuda\x64\outputoptions.obj
c:\cygwin\home\ignacio\src\nvidia-texture-tools\project\vc12\nvtt\release-cuda\x64\optimalcompressdxt.obj
c:\cygwin\home\ignacio\src\nvidia-texture-tools\project\vc12\nvtt\release-cuda\x64\nvtt_wrapper.obj
c:\cygwin\home\ignacio\src\nvidia-texture-tools\project\vc12\nvtt\release-cuda\x64\nvtt.obj
c:\cygwin\home\ignacio\src\nvidia-texture-tools\project\vc12\nvtt\release-cuda\x64\inputoptions.obj
c:\cygwin\home\ignacio\src\nvidia-texture-tools\project\vc12\nvtt\release-cuda\x64\context.obj
c:\cygwin\home\ignacio\src\nvidia-texture-tools\project\vc12\nvtt\release-cuda\x64\compressorrgb.obj
c:\cygwin\home\ignacio\src\nvidia-texture-tools\project\vc12\nvtt\release-cuda\x64\compressordx9.obj
c:\cygwin\home\ignacio\src\nvidia-texture-tools\project\vc12\nvtt\release-cuda\x64\compressordx11.obj
c:\cygwin\home\ignacio\src\nvidia-texture-tools\project\vc12\nvtt\release-cuda\x64\compressordx10.obj
c:\cygwin\home\ignacio\src\nvidia-texture-tools\project\vc12\nvtt\release-cuda\x64\compressionoptions.obj
c:\cygwin\home\ignacio\src\nvidia-texture-tools\project\vc12\nvtt\release-cuda\x64\clusterfit.obj
c:\cygwin\home\ignacio\src\nvidia-texture-tools\project\vc12\nvtt\release-cuda\x64\cubesurface.obj
c:\cygwin\home\ignacio\src\nvidia-texture-tools\project\vc12\nvtt\release-cuda\x64\blockcompressor.obj
c:\cygwin\home\ignacio\src\nvidia-texture-tools\project\vc12\nvtt\release-cuda\x64\nvtt.tlog\cl.command.1.tlog
c:\cygwin\home\ignacio\src\nvidia-texture-tools\project\vc12\nvtt\release-cuda\x64\nvtt.tlog\cl.read.1.tlog
c:\cygwin\home\ignacio\src\nvidia-texture-tools\project\vc12\nvtt\release-cuda\x64\nvtt.tlog\cl.write.1.tlog
